<?xml version="1.0" encoding="UTF-8"?>
<!-- Generated by org.testng.reporters.JUnitReportReporter -->
<testsuite skipped="0" hostname="DESKTOP-2GV6HM4" name="demo.Test1" tests="1" failures="0" timestamp="2020-07-31T14:46:32 IST" time="27.450" errors="0">
  <testcase name="testHelloWorld" time="27.450" classname="demo.Test1"/>
  <system-out/>
</testsuite> <!-- demo.Test1 -->
